Win CP console initial and current in/out Win: (850, 850), (1252, 1252)
Coding system for system and terminal: 'CP1252'
---
Rc files read:
  NONE
Latexmk: This is Latexmk, John Collins, 17 Mar. 2022. Version 4.77, version: 4.77.
Latexmk: applying rule 'xelatex'...
Rule 'xelatex': File changes, etc:
   Changed files, or newly in use since previous run(s):
  01-history.tex
Rule 'xelatex': The following rules & subrules became out-of-date:
  xelatex
------------
Run number 1 of rule 'xelatex'
------------
------------
Running 'xelatex -no-pdf -synctex=1 -interaction=batchmode -file-line-error -shell-escape -recorder  "01-history.tex"'
------------
This is XeTeX, Version 3.141592653-2.6-0.999994 (TeX Live 2022) (preloaded format=xelatex)
 \write18 enabled.
entering extended mode

SyncTeX written on 01-history.synctex.gz.
Latexmk: Missing bbl file '01-history.bbl' in following:
 No file 01-history.bbl.
Latexmk: Getting log file '01-history.log'
Latexmk: Examining '01-history.fls'
PWD line not in UTF-8
Latexmk: Examining '01-history.log'
Latexmk: References changed.
Latexmk: References changed.
Latexmk: References changed.
Latexmk: Log file says output to '01-history.xdv'
Latexmk: applying rule 'biber 01-history'...
Rule 'biber 01-history': File changes, etc:
   Changed files, or newly in use since previous run(s):
  01-history.bcf
Rule 'biber 01-history': The following rules & subrules became out-of-date:
  biber 01-history
------------
Run number 1 of rule 'biber 01-history'
------------
------------
Running 'biber  "01-history.bcf"'
------------
INFO - This is Biber 2.18
INFO - Logfile is '01-history.blg'
INFO - Reading '01-history.bcf'
INFO - Found 0 citekeys in bib section 0
INFO - Writing '01-history.bbl' with encoding 'UTF-8'
INFO - Output to 01-history.bbl
WARN - The file '01-history.bcf' does not contain any citations!
INFO - WARNINGS: 1
Biber warning: [220] Biber.pm:130> WARN - The file '01-history.bcf' does not contain any citations!
Latexmk: Found biber source file(s) [01-history.bcf]
Latexmk: applying rule 'xelatex'...
Rule 'xelatex': File changes, etc:
   Changed files, or newly in use since previous run(s):
  01-history.aux
  01-history.bbl
  01-history.out
  01-history.suppinfo
Rule 'xelatex': The following rules & subrules became out-of-date:
  xelatex
------------
Run number 2 of rule 'xelatex'
------------
------------
Running 'xelatex -no-pdf -synctex=1 -interaction=batchmode -file-line-error -shell-escape -recorder  "01-history.tex"'
------------
This is XeTeX, Version 3.141592653-2.6-0.999994 (TeX Live 2022) (preloaded format=xelatex)
 \write18 enabled.
entering extended mode

SyncTeX written on 01-history.synctex.gz.
Latexmk: Getting log file '01-history.log'
Latexmk: Examining '01-history.fls'
PWD line not in UTF-8
Latexmk: Examining '01-history.log'
Latexmk: Found input bbl file '01-history.bbl'
Latexmk: Log file says output to '01-history.xdv'
Biber warning: [220] Biber.pm:130> WARN - The file '01-history.bcf' does not contain any citations!
Latexmk: Found biber source file(s) [01-history.bcf]
Latexmk: applying rule 'xelatex'...
Rule 'xelatex': File changes, etc:
   Changed files, or newly in use since previous run(s):
  01-history.aux
  01-history.run.xml
Rule 'xelatex': The following rules & subrules became out-of-date:
  xelatex
------------
Run number 3 of rule 'xelatex'
------------
------------
Running 'xelatex -no-pdf -synctex=1 -interaction=batchmode -file-line-error -shell-escape -recorder  "01-history.tex"'
------------
This is XeTeX, Version 3.141592653-2.6-0.999994 (TeX Live 2022) (preloaded format=xelatex)
 \write18 enabled.
entering extended mode

SyncTeX written on 01-history.synctex.gz.
Latexmk: Getting log file '01-history.log'
Latexmk: Examining '01-history.fls'
PWD line not in UTF-8
Latexmk: Examining '01-history.log'
Latexmk: Found input bbl file '01-history.bbl'
Latexmk: Log file says output to '01-history.xdv'
Biber warning: [220] Biber.pm:130> WARN - The file '01-history.bcf' does not contain any citations!
Latexmk: Found biber source file(s) [01-history.bcf]
Latexmk: applying rule 'xdvipdfmx'...
Rule 'xdvipdfmx': File changes, etc:
   Changed files, or newly in use since previous run(s):
  01-history.xdv
   Rule(s) that have been run and require run of dependent rule:
      'xelatex' which requires run of 'xdvipdfmx'
Rule 'xdvipdfmx': The following rules & subrules became out-of-date:
  xdvipdfmx
------------
Run number 1 of rule 'xdvipdfmx'
------------
------------
Running 'xdvipdfmx -E -o "01-history.pdf"  "01-history.xdv"'
------------
Error: /syntaxerror in /----nostringval----
Operand stack:

Execution stack:
   %interp_exit   .runexec2   --nostringval--   --nostringval--   --nostringval--   2   %stopped_push   --nostringval--   --nostringval--   --nostringval--   false   1   %stopped_push   2022   1   3   %oparray_pop   2021   1   3   %oparray_pop   2009   1   3   %oparray_pop   1865   1   3   %oparray_pop   --nostringval--   %errorexec_pop   .runexec2   --nostringval--   --nostringval--   --nostringval--   2   %stopped_push
Dictionary stack:
   --dict:781/1123(ro)(G)--   --dict:0/20(G)--   --dict:77/200(L)--
Current allocation mode is local
GPL Ghostscript 10.00.0: Unrecoverable error, exit code 1
01-history.xdv -> 01-history.pdf
[1
xdvipdfmx:warning: Filtering file via command -->rungs -q -dSAFER -dNOPAUSE -dBATCH -dEPSCrop -sPAPERSIZE=a0 -sDEVICE=pdfwrite -dCompatibilityLevel=1.5 -dAutoFilterGrayImages=false -dGrayImageFilter=/FlateEncode -dAutoFilterColorImages=false -dColorImageFilter=/FlateEncode -dAutoRotatePages=/None -sOutputFile='C:/Users/phyps/AppData/Local/Temp/dvipdfm-x.cc813c45d5cf73445f177d4286622f61' './files/photoelectric-825d7eb67bd367836564ff4360164029.svg' -c quit<-- failed.
xdvipdfmx:warning: Image format conversion for "./files/photoelectric-825d7eb67bd367836564ff4360164029.svg" failed...
xdvipdfmx:fatal: pdf_link_obj(): passed invalid object.

No output PDF file written.
Reverting Windows console CPs to (in,out) = (850,850)
Latexmk: Errors, in force_mode: so I tried finishing targets
Collected error summary (may duplicate other messages):
  xdvipdfmx: Command for 'xdvipdfmx' gave return code 256
  xelatex: Command for 'xelatex' gave return code 1
      Refer to '01-history.log' for details
C:\texlive\2022\bin\win32\runscript.tlu:915: command failed with exit code 12:
perl.exe c:\texlive\2022\texmf-dist\scripts\latexmk\latexmk.pl -f -xelatex -synctex=1 -interaction=batchmode -file-line-error -latexoption="-shell-escape" 01-history.tex 
